<?xml version="1.0" encoding="UTF-8"?>
<!-- Generated by org.testng.reporters.JUnitReportReporter -->
<testsuite hostname="DESKTOP-P8DVLOU" name="com.leanftproject.ts_Test" tests="1" failures="1" timestamp="4 Jan 2018 08:10:40 GMT" time="6.937" errors="0">
  <testcase name="tc_verify100stepTestcase" time="6.937" classname="com.leanftproject.ts_Test">
    <failure type="java.lang.AssertionError" message="Failed Cannot access the URL. URL : http://lanka.ws/banking. Actual Error : An interface has too many methods to fire events from (Exception from HRESULT: 0x80040209)
Verification failures : 
 [At : com.leanftproject.Lib_Banking.bc_verify100stepTestcase(Line:596)]
">
      <![CDATA[java.lang.AssertionError: Failed Cannot access the URL. URL : http://lanka.ws/banking. Actual Error : An interface has too many methods to fire events from (Exception from HRESULT: 0x80040209)
Verification failures : 
 [At : com.leanftproject.Lib_Banking.bc_verify100stepTestcase(Line:596)]

	at com.thoughtworks.leanft.LeanFTTestBaseVir.failure(LeanFTTestBaseVir.java:448)
	at com.thoughtworks.leanft.LeanFTTestBaseVir.assertTrue(LeanFTTestBaseVir.java:462)
	at com.virtusa.isq.vtaf.runtime.LeanFTTestBase.checkTrue(LeanFTTestBase.java:492)
	at com.virtusa.isq.vtaf.runtime.LeanFTTestBase.doOpen(LeanFTTestBase.java:466)
	at com.virtusa.isq.vtaf.runtime.LeanFTTestBase.open(LeanFTTestBase.java:405)
	at com.virtusa.isq.vtaf.runtime.LeanFTTestBase.open(LeanFTTestBase.java:387)
	at com.leanftproject.Lib_Banking.bc_verify100stepTestcase(Lib_Banking.java:596)
	at com.leanftproject.ts_Test.tc_verify100stepTestcase(ts_Test.java:14)
	at sun.reflect.NativeMethodAccessorImpl.invoke0(Native Method)
	at sun.reflect.NativeMethodAccessorImpl.invoke(Unknown Source)
	at sun.reflect.DelegatingMethodAccessorImpl.invoke(Unknown Source)
	at java.lang.reflect.Method.invoke(Unknown Source)
	at org.testng.internal.MethodInvocationHelper.invokeMethod(MethodInvocationHelper.java:85)
	at org.testng.internal.Invoker.invokeMethod(Invoker.java:639)
	at org.testng.internal.Invoker.invokeTestMethod(Invoker.java:821)
	at org.testng.internal.Invoker.invokeTestMethods(Invoker.java:1131)
	at org.testng.internal.TestMethodWorker.invokeTestMethods(TestMethodWorker.java:124)
	at org.testng.internal.TestMethodWorker.run(TestMethodWorker.java:108)
	at org.testng.TestRunner.privateRun(TestRunner.java:773)
	at org.testng.TestRunner.run(TestRunner.java:623)
	at org.testng.SuiteRunner.runTest(SuiteRunner.java:357)
	at org.testng.SuiteRunner.runSequentially(SuiteRunner.java:352)
	at org.testng.SuiteRunner.privateRun(SuiteRunner.java:310)
	at org.testng.SuiteRunner.run(SuiteRunner.java:259)
	at org.testng.SuiteRunnerWorker.runSuite(SuiteRunnerWorker.java:52)
	at org.testng.SuiteRunnerWorker.run(SuiteRunnerWorker.java:86)
	at org.testng.TestNG.runSuitesSequentially(TestNG.java:1185)
	at org.testng.TestNG.runSuitesLocally(TestNG.java:1110)
	at org.testng.TestNG.run(TestNG.java:1018)
	at org.testng.remote.AbstractRemoteTestNG.run(AbstractRemoteTestNG.java:114)
	at org.testng.remote.RemoteTestNG.initAndRun(RemoteTestNG.java:251)
	at org.testng.remote.RemoteTestNG.main(RemoteTestNG.java:77)
]]>
    </failure>
  </testcase> <!-- tc_verify100stepTestcase -->
</testsuite> <!-- com.leanftproject.ts_Test -->
