<?xml version="1.0" encoding="UTF-8"?>
<!-- Generated by org.testng.reporters.JUnitReportReporter -->
<testsuite hostname="DESKTOP-P8DVLOU" name="com.leanftproject.ts_Banking" tests="1" failures="0" timestamp="5 Jan 2018 12:55:59 GMT" time="160.643" errors="0">
  <testcase name="testwebservice" time="160.643" classname="com.leanftproject.ts_Banking"/>
</testsuite> <!-- com.leanftproject.ts_Banking -->
